<?xml version="1.0" encoding="UTF-8"?>
<!-- Generated by org.testng.reporters.JUnitXMLReporter -->
<testsuite ignored="5" hostname="DESKTOP-764EUV6" failures="0" tests="2" name="Test" time="93.013" errors="0" timestamp="28 Feb 2025 05:19:45 GMT">
  <testcase classname="ProjectImplementationInBaseClass.RealPrjctCreateOrgTest" name="createOrganizationTest" time="47.453"/>
  <testcase classname="ProjectImplementationInBaseClass.RealPrjctCreateContactTest" name="createContactSupportDate" time="14.439"/>
  <testcase classname="com.crm.generic.baseUtility.BaseClassTest" name="@BeforeSuite createConfigBs" time="0.0">
    <ignored/>
  </testcase> <!-- @BeforeSuite createConfigBs -->
  <testcase classname="ProjectImplementationInBaseClass.RealPrjctCreateOrgTest" name="createOrgWithIndustries" time="0.0">
    <ignored/>
  </testcase> <!-- createOrgWithIndustries -->
  <testcase classname="ProjectImplementationInBaseClass.RealPrjctCreateContactTest" name="createContact" time="0.0">
    <ignored/>
  </testcase> <!-- createContact -->
  <testcase classname="ProjectImplementationInBaseClass.RealPrjctCreateOrgTest" name="createOrgWithPhoneNum" time="0.0">
    <ignored/>
  </testcase> <!-- createOrgWithPhoneNum -->
  <testcase classname="com.crm.generic.baseUtility.BaseClassTest" name="@AfterSuite createConfigAS" time="0.0">
    <ignored/>
  </testcase> <!-- @AfterSuite createConfigAS -->
</testsuite> <!-- Test -->
