<?xml version="1.0" encoding="UTF-8"?>
<!-- Generated by org.testng.reporters.JUnitXMLReporter -->
<testsuite ignored="2" hostname="DESKTOP-764EUV6" failures="0" tests="5" name="Test" time="107.337" errors="0" timestamp="04 Mar 2025 09:44:31 GMT">
  <testcase classname="ProjectImplementationInBaseClass.RealPrjctCreateOrgTest" name="createOrgWithIndustries" time="15.006"/>
  <testcase classname="ProjectImplementationInBaseClass.RealPrjctCreateOrgTest" name="createOrgWithPhoneNum" time="14.079"/>
  <testcase classname="ProjectImplementationInBaseClass.RealPrjctCreateOrgTest" name="createOrganizationTest" time="13.065"/>
  <testcase classname="ProjectImplementationInBaseClass.RealPrjctCreateContactTest" name="createContact" time="13.633"/>
  <testcase classname="ProjectImplementationInBaseClass.RealPrjctCreateContactTest" name="createContactSupportDate" time="13.076"/>
  <testcase classname="com.crm.generic.baseUtility.BaseClassTest" name="@BeforeSuite createConfigBs" time="0.0">
    <ignored/>
  </testcase> <!-- @BeforeSuite createConfigBs -->
  <testcase classname="com.crm.generic.baseUtility.BaseClassTest" name="@AfterSuite createConfigAS" time="0.0">
    <ignored/>
  </testcase> <!-- @AfterSuite createConfigAS -->
</testsuite> <!-- Test -->
