<?xml version="1.0" encoding="UTF-8"?>
<!-- Generated by org.testng.reporters.JUnitXMLReporter -->
<testsuite ignored="2" hostname="DESKTOP-764EUV6" failures="0" tests="5" name="TestRunner-Chrome" time="135.862" errors="0" timestamp="28 Feb 2025 06:44:28 GMT">
  <testcase classname="ProjectImplementationInBaseClass.RealPrjctCreateOrgTest" name="createOrgWithIndustries" time="20.721"/>
  <testcase classname="ProjectImplementationInBaseClass.RealPrjctCreateOrgTest" name="createOrgWithPhoneNum" time="17.312"/>
  <testcase classname="ProjectImplementationInBaseClass.RealPrjctCreateOrgTest" name="createOrganizationTest" time="16.781"/>
  <testcase classname="ProjectImplementationInBaseClass.RealPrjctCreateContactTest" name="createContact" time="19.049"/>
  <testcase classname="ProjectImplementationInBaseClass.RealPrjctCreateContactTest" name="createContactSupportDate" time="17.209"/>
  <testcase classname="com.crm.generic.baseUtility.BaseClassTest" name="@BeforeSuite createConfigBs" time="0.0">
    <ignored/>
  </testcase> <!-- @BeforeSuite createConfigBs -->
  <testcase classname="com.crm.generic.baseUtility.BaseClassTest" name="@AfterSuite createConfigAS" time="0.0">
    <ignored/>
  </testcase> <!-- @AfterSuite createConfigAS -->
</testsuite> <!-- TestRunner-Chrome -->
