<?xml version="1.0" encoding="UTF-8"?>
<!-- Generated by org.testng.reporters.JUnitXMLReporter -->
<testsuite ignored="2" hostname="DESKTOP-764EUV6" failures="0" tests="5" name="TestRunner-Edge" time="141.587" errors="0" timestamp="28 Feb 2025 06:44:33 GMT">
  <testcase classname="ProjectImplementationInBaseClass.RealPrjctCreateOrgTest" name="createOrgWithIndustries" time="19.723"/>
  <testcase classname="ProjectImplementationInBaseClass.RealPrjctCreateOrgTest" name="createOrgWithPhoneNum" time="16.956"/>
  <testcase classname="ProjectImplementationInBaseClass.RealPrjctCreateOrgTest" name="createOrganizationTest" time="16.329"/>
  <testcase classname="ProjectImplementationInBaseClass.RealPrjctCreateContactTest" name="createContact" time="18.579"/>
  <testcase classname="ProjectImplementationInBaseClass.RealPrjctCreateContactTest" name="createContactSupportDate" time="16.105"/>
  <testcase classname="com.crm.generic.baseUtility.BaseClassTest" name="@BeforeSuite createConfigBs" time="0.0">
    <ignored/>
  </testcase> <!-- @BeforeSuite createConfigBs -->
  <testcase classname="com.crm.generic.baseUtility.BaseClassTest" name="@AfterSuite createConfigAS" time="0.0">
    <ignored/>
  </testcase> <!-- @AfterSuite createConfigAS -->
</testsuite> <!-- TestRunner-Edge -->
