<?xml version="1.0" encoding="UTF-8"?>
<!-- Generated by org.testng.reporters.JUnitXMLReporter -->
<testsuite ignored="2" hostname="DESKTOP-764EUV6" failures="0" tests="5" name="TestRunner-Edge" time="151.166" errors="0" timestamp="2025-03-04T18:24:11 IST">
  <testcase classname="ProjectImplementationInBaseClass.RealPrjctCreateOrgTest" name="createOrgWithIndustries" time="21.259"/>
  <testcase classname="ProjectImplementationInBaseClass.RealPrjctCreateOrgTest" name="createOrgWithPhoneNum" time="15.924"/>
  <testcase classname="ProjectImplementationInBaseClass.RealPrjctCreateOrgTest" name="createOrganizationTest" time="15.602"/>
  <testcase classname="ProjectImplementationInBaseClass.RealPrjctCreateContactTest" name="createContact" time="17.273"/>
  <testcase classname="ProjectImplementationInBaseClass.RealPrjctCreateContactTest" name="createContactSupportDate" time="14.968"/>
  <testcase classname="com.crm.generic.baseUtility.BaseClassTest" name="@AfterSuite createConfigAS" time="0.0">
    <ignored/>
  </testcase> <!-- @AfterSuite createConfigAS -->
  <testcase classname="com.crm.generic.baseUtility.BaseClassTest" name="@BeforeSuite createConfigBs" time="0.0">
    <ignored/>
  </testcase> <!-- @BeforeSuite createConfigBs -->
</testsuite> <!-- TestRunner-Edge -->
