<?xml version="1.0" encoding="UTF-8"?>
<testng-results ignored="4" total="14" passed="10" failed="0" skipped="0">
  <reporter-output>
  </reporter-output>
  <suite started-at="2025-02-28T06:42:12Z" name="Suite" finished-at="2025-02-28T06:44:33Z" duration-ms="141587">
    <groups>
      <group name="regressionTest">
        <method signature="RealPrjctCreateContactTest.createContactSupportDate()[pri:0, instance:ProjectImplementationInBaseClass.RealPrjctCreateContactTest@2dfaea86]" name="createContactSupportDate" class="ProjectImplementationInBaseClass.RealPrjctCreateContactTest"/>
        <method signature="RealPrjctCreateOrgTest.createOrgWithIndustries()[pri:0, instance:ProjectImplementationInBaseClass.RealPrjctCreateOrgTest@d554c5f]" name="createOrgWithIndustries" class="ProjectImplementationInBaseClass.RealPrjctCreateOrgTest"/>
        <method signature="RealPrjctCreateOrgTest.createOrgWithPhoneNum()[pri:0, instance:ProjectImplementationInBaseClass.RealPrjctCreateOrgTest@d554c5f]" name="createOrgWithPhoneNum" class="ProjectImplementationInBaseClass.RealPrjctCreateOrgTest"/>
        <method signature="RealPrjctCreateContactTest.createContactSupportDate()[pri:0, instance:ProjectImplementationInBaseClass.RealPrjctCreateContactTest@1500b2f3]" name="createContactSupportDate" class="ProjectImplementationInBaseClass.RealPrjctCreateContactTest"/>
        <method signature="RealPrjctCreateOrgTest.createOrgWithIndustries()[pri:0, instance:ProjectImplementationInBaseClass.RealPrjctCreateOrgTest@28cda624]" name="createOrgWithIndustries" class="ProjectImplementationInBaseClass.RealPrjctCreateOrgTest"/>
        <method signature="RealPrjctCreateOrgTest.createOrgWithPhoneNum()[pri:0, instance:ProjectImplementationInBaseClass.RealPrjctCreateOrgTest@28cda624]" name="createOrgWithPhoneNum" class="ProjectImplementationInBaseClass.RealPrjctCreateOrgTest"/>
      </group> <!-- regressionTest -->
      <group name="smokeTest">
        <method signature="RealPrjctCreateContactTest.createContact()[pri:0, instance:ProjectImplementationInBaseClass.RealPrjctCreateContactTest@2dfaea86]" name="createContact" class="ProjectImplementationInBaseClass.RealPrjctCreateContactTest"/>
        <method signature="RealPrjctCreateOrgTest.createOrganizationTest()[pri:0, instance:ProjectImplementationInBaseClass.RealPrjctCreateOrgTest@d554c5f]" name="createOrganizationTest" class="ProjectImplementationInBaseClass.RealPrjctCreateOrgTest"/>
        <method signature="RealPrjctCreateContactTest.createContact()[pri:0, instance:ProjectImplementationInBaseClass.RealPrjctCreateContactTest@1500b2f3]" name="createContact" class="ProjectImplementationInBaseClass.RealPrjctCreateContactTest"/>
        <method signature="RealPrjctCreateOrgTest.createOrganizationTest()[pri:0, instance:ProjectImplementationInBaseClass.RealPrjctCreateOrgTest@28cda624]" name="createOrganizationTest" class="ProjectImplementationInBaseClass.RealPrjctCreateOrgTest"/>
      </group> <!-- smokeTest -->
    </groups>
    <test started-at="2025-02-28T06:42:12Z" name="TestRunner-Chrome" finished-at="2025-02-28T06:44:28Z" duration-ms="135862">
      <class name="ProjectImplementationInBaseClass.RealPrjctCreateOrgTest">
        <test-method is-config="true" signature="createConfigBs()[pri:0, instance:ProjectImplementationInBaseClass.RealPrjctCreateOrgTest@28cda624]" started-at="2025-02-28T06:42:11Z" name="createConfigBs" finished-at="2025-02-28T06:42:12Z" duration-ms="412" status="PASS">
          <reporter-output>
          </reporter-output>
        </test-method> <!-- createConfigBs -->
        <test-method is-config="true" signature="createConfigBC(java.lang.String)[pri:0, instance:ProjectImplementationInBaseClass.RealPrjctCreateOrgTest@28cda624]" started-at="2025-02-28T06:42:12Z" name="createConfigBC" finished-at="2025-02-28T06:42:15Z" duration-ms="2831" status="PASS">
          <params>
            <param index="0">
              <value>
                <![CDATA[chrome]]>
              </value>
            </param>
          </params>
          <reporter-output>
          </reporter-output>
        </test-method> <!-- createConfigBC -->
        <test-method is-config="true" signature="createConfigBM()[pri:0, instance:ProjectImplementationInBaseClass.RealPrjctCreateOrgTest@28cda624]" started-at="2025-02-28T06:42:15Z" name="createConfigBM" finished-at="2025-02-28T06:42:21Z" duration-ms="6734" status="PASS">
          <reporter-output>
          </reporter-output>
        </test-method> <!-- createConfigBM -->
        <test-method signature="createOrgWithIndustries()[pri:0, instance:ProjectImplementationInBaseClass.RealPrjctCreateOrgTest@28cda624]" started-at="2025-02-28T06:42:21Z" name="createOrgWithIndustries" finished-at="2025-02-28T06:42:42Z" duration-ms="20721" status="PASS">
          <reporter-output>
          </reporter-output>
        </test-method> <!-- createOrgWithIndustries -->
        <test-method is-config="true" signature="createConfigAM()[pri:0, instance:ProjectImplementationInBaseClass.RealPrjctCreateOrgTest@28cda624]" started-at="2025-02-28T06:42:42Z" name="createConfigAM" finished-at="2025-02-28T06:42:45Z" duration-ms="2784" status="PASS">
          <reporter-output>
          </reporter-output>
        </test-method> <!-- createConfigAM -->
        <test-method is-config="true" signature="createConfigBM()[pri:0, instance:ProjectImplementationInBaseClass.RealPrjctCreateOrgTest@28cda624]" started-at="2025-02-28T06:42:45Z" name="createConfigBM" finished-at="2025-02-28T06:42:50Z" duration-ms="4734" status="PASS">
          <reporter-output>
          </reporter-output>
        </test-method> <!-- createConfigBM -->
        <test-method signature="createOrgWithPhoneNum()[pri:0, instance:ProjectImplementationInBaseClass.RealPrjctCreateOrgTest@28cda624]" started-at="2025-02-28T06:42:50Z" name="createOrgWithPhoneNum" finished-at="2025-02-28T06:43:07Z" duration-ms="17312" status="PASS">
          <reporter-output>
          </reporter-output>
        </test-method> <!-- createOrgWithPhoneNum -->
        <test-method is-config="true" signature="createConfigAM()[pri:0, instance:ProjectImplementationInBaseClass.RealPrjctCreateOrgTest@28cda624]" started-at="2025-02-28T06:43:07Z" name="createConfigAM" finished-at="2025-02-28T06:43:09Z" duration-ms="2149" status="PASS">
          <reporter-output>
          </reporter-output>
        </test-method> <!-- createConfigAM -->
        <test-method is-config="true" signature="createConfigBM()[pri:0, instance:ProjectImplementationInBaseClass.RealPrjctCreateOrgTest@28cda624]" started-at="2025-02-28T06:43:09Z" name="createConfigBM" finished-at="2025-02-28T06:43:13Z" duration-ms="4472" status="PASS">
          <reporter-output>
          </reporter-output>
        </test-method> <!-- createConfigBM -->
        <test-method signature="createOrganizationTest()[pri:0, instance:ProjectImplementationInBaseClass.RealPrjctCreateOrgTest@28cda624]" started-at="2025-02-28T06:43:13Z" name="createOrganizationTest" finished-at="2025-02-28T06:43:30Z" duration-ms="16781" status="PASS">
          <reporter-output>
          </reporter-output>
        </test-method> <!-- createOrganizationTest -->
        <test-method is-config="true" signature="createConfigAM()[pri:0, instance:ProjectImplementationInBaseClass.RealPrjctCreateOrgTest@28cda624]" started-at="2025-02-28T06:43:30Z" name="createConfigAM" finished-at="2025-02-28T06:43:32Z" duration-ms="2109" status="PASS">
          <reporter-output>
          </reporter-output>
        </test-method> <!-- createConfigAM -->
        <test-method is-config="true" signature="createConfigAC()[pri:0, instance:ProjectImplementationInBaseClass.RealPrjctCreateOrgTest@28cda624]" started-at="2025-02-28T06:43:32Z" name="createConfigAC" finished-at="2025-02-28T06:43:33Z" duration-ms="455" status="PASS">
          <reporter-output>
          </reporter-output>
        </test-method> <!-- createConfigAC -->
        <test-method is-config="true" signature="createConfigAS()[pri:0, instance:ProjectImplementationInBaseClass.RealPrjctCreateOrgTest@28cda624]" started-at="2025-02-28T06:44:33Z" name="createConfigAS" finished-at="2025-02-28T06:44:33Z" duration-ms="20" status="PASS">
          <reporter-output>
          </reporter-output>
        </test-method> <!-- createConfigAS -->
      </class> <!-- ProjectImplementationInBaseClass.RealPrjctCreateOrgTest -->
      <class name="ProjectImplementationInBaseClass.RealPrjctCreateContactTest">
        <test-method is-config="true" signature="createConfigBC(java.lang.String)[pri:0, instance:ProjectImplementationInBaseClass.RealPrjctCreateContactTest@1500b2f3]" started-at="2025-02-28T06:43:33Z" name="createConfigBC" finished-at="2025-02-28T06:43:35Z" duration-ms="1766" status="PASS">
          <params>
            <param index="0">
              <value>
                <![CDATA[chrome]]>
              </value>
            </param>
          </params>
          <reporter-output>
          </reporter-output>
        </test-method> <!-- createConfigBC -->
        <test-method is-config="true" signature="createConfigBM()[pri:0, instance:ProjectImplementationInBaseClass.RealPrjctCreateContactTest@1500b2f3]" started-at="2025-02-28T06:43:35Z" name="createConfigBM" finished-at="2025-02-28T06:43:42Z" duration-ms="6923" status="PASS">
          <reporter-output>
          </reporter-output>
        </test-method> <!-- createConfigBM -->
        <test-method signature="createContact()[pri:0, instance:ProjectImplementationInBaseClass.RealPrjctCreateContactTest@1500b2f3]" started-at="2025-02-28T06:43:42Z" name="createContact" finished-at="2025-02-28T06:44:01Z" duration-ms="19049" status="PASS">
          <reporter-output>
          </reporter-output>
        </test-method> <!-- createContact -->
        <test-method is-config="true" signature="createConfigAM()[pri:0, instance:ProjectImplementationInBaseClass.RealPrjctCreateContactTest@1500b2f3]" started-at="2025-02-28T06:44:01Z" name="createConfigAM" finished-at="2025-02-28T06:44:03Z" duration-ms="2261" status="PASS">
          <reporter-output>
          </reporter-output>
        </test-method> <!-- createConfigAM -->
        <test-method is-config="true" signature="createConfigBM()[pri:0, instance:ProjectImplementationInBaseClass.RealPrjctCreateContactTest@1500b2f3]" started-at="2025-02-28T06:44:03Z" name="createConfigBM" finished-at="2025-02-28T06:44:08Z" duration-ms="4809" status="PASS">
          <reporter-output>
          </reporter-output>
        </test-method> <!-- createConfigBM -->
        <test-method signature="createContactSupportDate()[pri:0, instance:ProjectImplementationInBaseClass.RealPrjctCreateContactTest@1500b2f3]" started-at="2025-02-28T06:44:08Z" name="createContactSupportDate" finished-at="2025-02-28T06:44:25Z" duration-ms="17209" status="PASS">
          <reporter-output>
          </reporter-output>
        </test-method> <!-- createContactSupportDate -->
        <test-method is-config="true" signature="createConfigAM()[pri:0, instance:ProjectImplementationInBaseClass.RealPrjctCreateContactTest@1500b2f3]" started-at="2025-02-28T06:44:25Z" name="createConfigAM" finished-at="2025-02-28T06:44:27Z" duration-ms="2382" status="PASS">
          <reporter-output>
          </reporter-output>
        </test-method> <!-- createConfigAM -->
        <test-method is-config="true" signature="createConfigAC()[pri:0, instance:ProjectImplementationInBaseClass.RealPrjctCreateContactTest@1500b2f3]" started-at="2025-02-28T06:44:27Z" name="createConfigAC" finished-at="2025-02-28T06:44:28Z" duration-ms="289" status="PASS">
          <reporter-output>
          </reporter-output>
        </test-method> <!-- createConfigAC -->
      </class> <!-- ProjectImplementationInBaseClass.RealPrjctCreateContactTest -->
    </test> <!-- TestRunner-Chrome -->
    <test started-at="2025-02-28T06:42:12Z" name="TestRunner-Edge" finished-at="2025-02-28T06:44:33Z" duration-ms="141587">
      <class name="ProjectImplementationInBaseClass.RealPrjctCreateOrgTest">
        <test-method is-config="true" signature="createConfigBC(java.lang.String)[pri:0, instance:ProjectImplementationInBaseClass.RealPrjctCreateOrgTest@d554c5f]" started-at="2025-02-28T06:42:12Z" name="createConfigBC" finished-at="2025-02-28T06:42:16Z" duration-ms="4228" status="PASS">
          <params>
            <param index="0">
              <value>
                <![CDATA[edge]]>
              </value>
            </param>
          </params>
          <reporter-output>
          </reporter-output>
        </test-method> <!-- createConfigBC -->
        <test-method is-config="true" signature="createConfigBM()[pri:0, instance:ProjectImplementationInBaseClass.RealPrjctCreateOrgTest@d554c5f]" started-at="2025-02-28T06:42:16Z" name="createConfigBM" finished-at="2025-02-28T06:42:24Z" duration-ms="8178" status="PASS">
          <reporter-output>
          </reporter-output>
        </test-method> <!-- createConfigBM -->
        <test-method signature="createOrgWithIndustries()[pri:0, instance:ProjectImplementationInBaseClass.RealPrjctCreateOrgTest@d554c5f]" started-at="2025-02-28T06:42:24Z" name="createOrgWithIndustries" finished-at="2025-02-28T06:42:44Z" duration-ms="19723" status="PASS">
          <reporter-output>
          </reporter-output>
        </test-method> <!-- createOrgWithIndustries -->
        <test-method is-config="true" signature="createConfigAM()[pri:0, instance:ProjectImplementationInBaseClass.RealPrjctCreateOrgTest@d554c5f]" started-at="2025-02-28T06:42:44Z" name="createConfigAM" finished-at="2025-02-28T06:42:46Z" duration-ms="2547" status="PASS">
          <reporter-output>
          </reporter-output>
        </test-method> <!-- createConfigAM -->
        <test-method is-config="true" signature="createConfigBM()[pri:0, instance:ProjectImplementationInBaseClass.RealPrjctCreateOrgTest@d554c5f]" started-at="2025-02-28T06:42:46Z" name="createConfigBM" finished-at="2025-02-28T06:42:52Z" duration-ms="5828" status="PASS">
          <reporter-output>
          </reporter-output>
        </test-method> <!-- createConfigBM -->
        <test-method signature="createOrgWithPhoneNum()[pri:0, instance:ProjectImplementationInBaseClass.RealPrjctCreateOrgTest@d554c5f]" started-at="2025-02-28T06:42:52Z" name="createOrgWithPhoneNum" finished-at="2025-02-28T06:43:09Z" duration-ms="16956" status="PASS">
          <reporter-output>
          </reporter-output>
        </test-method> <!-- createOrgWithPhoneNum -->
        <test-method is-config="true" signature="createConfigAM()[pri:0, instance:ProjectImplementationInBaseClass.RealPrjctCreateOrgTest@d554c5f]" started-at="2025-02-28T06:43:09Z" name="createConfigAM" finished-at="2025-02-28T06:43:11Z" duration-ms="2148" status="PASS">
          <reporter-output>
          </reporter-output>
        </test-method> <!-- createConfigAM -->
        <test-method is-config="true" signature="createConfigBM()[pri:0, instance:ProjectImplementationInBaseClass.RealPrjctCreateOrgTest@d554c5f]" started-at="2025-02-28T06:43:11Z" name="createConfigBM" finished-at="2025-02-28T06:43:16Z" duration-ms="5152" status="PASS">
          <reporter-output>
          </reporter-output>
        </test-method> <!-- createConfigBM -->
        <test-method signature="createOrganizationTest()[pri:0, instance:ProjectImplementationInBaseClass.RealPrjctCreateOrgTest@d554c5f]" started-at="2025-02-28T06:43:16Z" name="createOrganizationTest" finished-at="2025-02-28T06:43:33Z" duration-ms="16329" status="PASS">
          <reporter-output>
          </reporter-output>
        </test-method> <!-- createOrganizationTest -->
        <test-method is-config="true" signature="createConfigAM()[pri:0, instance:ProjectImplementationInBaseClass.RealPrjctCreateOrgTest@d554c5f]" started-at="2025-02-28T06:43:33Z" name="createConfigAM" finished-at="2025-02-28T06:43:36Z" duration-ms="2845" status="PASS">
          <reporter-output>
          </reporter-output>
        </test-method> <!-- createConfigAM -->
        <test-method is-config="true" signature="createConfigAC()[pri:0, instance:ProjectImplementationInBaseClass.RealPrjctCreateOrgTest@d554c5f]" started-at="2025-02-28T06:43:36Z" name="createConfigAC" finished-at="2025-02-28T06:43:37Z" duration-ms="1457" status="PASS">
          <reporter-output>
          </reporter-output>
        </test-method> <!-- createConfigAC -->
      </class> <!-- ProjectImplementationInBaseClass.RealPrjctCreateOrgTest -->
      <class name="ProjectImplementationInBaseClass.RealPrjctCreateContactTest">
        <test-method is-config="true" signature="createConfigBC(java.lang.String)[pri:0, instance:ProjectImplementationInBaseClass.RealPrjctCreateContactTest@2dfaea86]" started-at="2025-02-28T06:43:37Z" name="createConfigBC" finished-at="2025-02-28T06:43:41Z" duration-ms="3527" status="PASS">
          <params>
            <param index="0">
              <value>
                <![CDATA[edge]]>
              </value>
            </param>
          </params>
          <reporter-output>
          </reporter-output>
        </test-method> <!-- createConfigBC -->
        <test-method is-config="true" signature="createConfigBM()[pri:0, instance:ProjectImplementationInBaseClass.RealPrjctCreateContactTest@2dfaea86]" started-at="2025-02-28T06:43:41Z" name="createConfigBM" finished-at="2025-02-28T06:43:47Z" duration-ms="6557" status="PASS">
          <reporter-output>
          </reporter-output>
        </test-method> <!-- createConfigBM -->
        <test-method signature="createContact()[pri:0, instance:ProjectImplementationInBaseClass.RealPrjctCreateContactTest@2dfaea86]" started-at="2025-02-28T06:43:47Z" name="createContact" finished-at="2025-02-28T06:44:06Z" duration-ms="18579" status="PASS">
          <reporter-output>
          </reporter-output>
        </test-method> <!-- createContact -->
        <test-method is-config="true" signature="createConfigAM()[pri:0, instance:ProjectImplementationInBaseClass.RealPrjctCreateContactTest@2dfaea86]" started-at="2025-02-28T06:44:06Z" name="createConfigAM" finished-at="2025-02-28T06:44:09Z" duration-ms="3123" status="PASS">
          <reporter-output>
          </reporter-output>
        </test-method> <!-- createConfigAM -->
        <test-method is-config="true" signature="createConfigBM()[pri:0, instance:ProjectImplementationInBaseClass.RealPrjctCreateContactTest@2dfaea86]" started-at="2025-02-28T06:44:09Z" name="createConfigBM" finished-at="2025-02-28T06:44:14Z" duration-ms="4879" status="PASS">
          <reporter-output>
          </reporter-output>
        </test-method> <!-- createConfigBM -->
        <test-method signature="createContactSupportDate()[pri:0, instance:ProjectImplementationInBaseClass.RealPrjctCreateContactTest@2dfaea86]" started-at="2025-02-28T06:44:14Z" name="createContactSupportDate" finished-at="2025-02-28T06:44:30Z" duration-ms="16105" status="PASS">
          <reporter-output>
          </reporter-output>
        </test-method> <!-- createContactSupportDate -->
        <test-method is-config="true" signature="createConfigAM()[pri:0, instance:ProjectImplementationInBaseClass.RealPrjctCreateContactTest@2dfaea86]" started-at="2025-02-28T06:44:30Z" name="createConfigAM" finished-at="2025-02-28T06:44:32Z" duration-ms="2030" status="PASS">
          <reporter-output>
          </reporter-output>
        </test-method> <!-- createConfigAM -->
        <test-method is-config="true" signature="createConfigAC()[pri:0, instance:ProjectImplementationInBaseClass.RealPrjctCreateContactTest@2dfaea86]" started-at="2025-02-28T06:44:32Z" name="createConfigAC" finished-at="2025-02-28T06:44:33Z" duration-ms="1364" status="PASS">
          <reporter-output>
          </reporter-output>
        </test-method> <!-- createConfigAC -->
      </class> <!-- ProjectImplementationInBaseClass.RealPrjctCreateContactTest -->
    </test> <!-- TestRunner-Edge -->
  </suite> <!-- Suite -->
</testng-results>
