<?xml version="1.0" encoding="UTF-8"?>
<testng-results ignored="4" total="14" passed="10" failed="0" skipped="0">
  <reporter-output>
  </reporter-output>
  <suite started-at="2025-03-04T07:01:16Z" name="Suite" finished-at="2025-03-04T07:03:33Z" duration-ms="136542">
    <groups>
      <group name="regressionTest">
        <method signature="RealPrjctCreateContactTest.createContactSupportDate()[pri:0, instance:ProjectImplementationInBaseClass.RealPrjctCreateContactTest@5e7cd6cc]" name="createContactSupportDate" class="ProjectImplementationInBaseClass.RealPrjctCreateContactTest"/>
        <method signature="RealPrjctCreateOrgTest.createOrgWithIndustries()[pri:0, instance:ProjectImplementationInBaseClass.RealPrjctCreateOrgTest@4b8d604b]" name="createOrgWithIndustries" class="ProjectImplementationInBaseClass.RealPrjctCreateOrgTest"/>
        <method signature="RealPrjctCreateOrgTest.createOrgWithPhoneNum()[pri:0, instance:ProjectImplementationInBaseClass.RealPrjctCreateOrgTest@4b8d604b]" name="createOrgWithPhoneNum" class="ProjectImplementationInBaseClass.RealPrjctCreateOrgTest"/>
        <method signature="RealPrjctCreateContactTest.createContactSupportDate()[pri:0, instance:ProjectImplementationInBaseClass.RealPrjctCreateContactTest@58e1d9d]" name="createContactSupportDate" class="ProjectImplementationInBaseClass.RealPrjctCreateContactTest"/>
        <method signature="RealPrjctCreateOrgTest.createOrgWithIndustries()[pri:0, instance:ProjectImplementationInBaseClass.RealPrjctCreateOrgTest@29d80d2b]" name="createOrgWithIndustries" class="ProjectImplementationInBaseClass.RealPrjctCreateOrgTest"/>
        <method signature="RealPrjctCreateOrgTest.createOrgWithPhoneNum()[pri:0, instance:ProjectImplementationInBaseClass.RealPrjctCreateOrgTest@29d80d2b]" name="createOrgWithPhoneNum" class="ProjectImplementationInBaseClass.RealPrjctCreateOrgTest"/>
      </group> <!-- regressionTest -->
      <group name="smokeTest">
        <method signature="RealPrjctCreateContactTest.createContact()[pri:0, instance:ProjectImplementationInBaseClass.RealPrjctCreateContactTest@5e7cd6cc]" name="createContact" class="ProjectImplementationInBaseClass.RealPrjctCreateContactTest"/>
        <method signature="RealPrjctCreateOrgTest.createOrganizationTest()[pri:0, instance:ProjectImplementationInBaseClass.RealPrjctCreateOrgTest@4b8d604b]" name="createOrganizationTest" class="ProjectImplementationInBaseClass.RealPrjctCreateOrgTest"/>
        <method signature="RealPrjctCreateContactTest.createContact()[pri:0, instance:ProjectImplementationInBaseClass.RealPrjctCreateContactTest@58e1d9d]" name="createContact" class="ProjectImplementationInBaseClass.RealPrjctCreateContactTest"/>
        <method signature="RealPrjctCreateOrgTest.createOrganizationTest()[pri:0, instance:ProjectImplementationInBaseClass.RealPrjctCreateOrgTest@29d80d2b]" name="createOrganizationTest" class="ProjectImplementationInBaseClass.RealPrjctCreateOrgTest"/>
      </group> <!-- smokeTest -->
    </groups>
    <test started-at="2025-03-04T07:01:16Z" name="TestRunner-Chrome" finished-at="2025-03-04T07:03:30Z" duration-ms="134019">
      <class name="ProjectImplementationInBaseClass.RealPrjctCreateOrgTest">
        <test-method is-config="true" signature="createConfigBs()[pri:0, instance:ProjectImplementationInBaseClass.RealPrjctCreateOrgTest@29d80d2b]" started-at="2025-03-04T07:01:16Z" name="createConfigBs" finished-at="2025-03-04T07:01:16Z" duration-ms="583" status="PASS">
          <reporter-output>
          </reporter-output>
        </test-method> <!-- createConfigBs -->
        <test-method is-config="true" signature="createConfigBC(java.lang.String)[pri:0, instance:ProjectImplementationInBaseClass.RealPrjctCreateOrgTest@29d80d2b]" started-at="2025-03-04T07:01:16Z" name="createConfigBC" finished-at="2025-03-04T07:01:20Z" duration-ms="3439" status="PASS">
          <params>
            <param index="0">
              <value>
                <![CDATA[chrome]]>
              </value>
            </param>
          </params>
          <reporter-output>
          </reporter-output>
        </test-method> <!-- createConfigBC -->
        <test-method is-config="true" signature="createConfigBM()[pri:0, instance:ProjectImplementationInBaseClass.RealPrjctCreateOrgTest@29d80d2b]" started-at="2025-03-04T07:01:20Z" name="createConfigBM" finished-at="2025-03-04T07:01:26Z" duration-ms="6129" status="PASS">
          <reporter-output>
          </reporter-output>
        </test-method> <!-- createConfigBM -->
        <test-method signature="createOrgWithIndustries()[pri:0, instance:ProjectImplementationInBaseClass.RealPrjctCreateOrgTest@29d80d2b]" started-at="2025-03-04T07:01:26Z" name="createOrgWithIndustries" finished-at="2025-03-04T07:01:47Z" duration-ms="21172" status="PASS">
          <reporter-output>
          </reporter-output>
        </test-method> <!-- createOrgWithIndustries -->
        <test-method is-config="true" signature="createConfigAM()[pri:0, instance:ProjectImplementationInBaseClass.RealPrjctCreateOrgTest@29d80d2b]" started-at="2025-03-04T07:01:47Z" name="createConfigAM" finished-at="2025-03-04T07:01:51Z" duration-ms="3288" status="PASS">
          <reporter-output>
          </reporter-output>
        </test-method> <!-- createConfigAM -->
        <test-method is-config="true" signature="createConfigBM()[pri:0, instance:ProjectImplementationInBaseClass.RealPrjctCreateOrgTest@29d80d2b]" started-at="2025-03-04T07:01:51Z" name="createConfigBM" finished-at="2025-03-04T07:01:55Z" duration-ms="4842" status="PASS">
          <reporter-output>
          </reporter-output>
        </test-method> <!-- createConfigBM -->
        <test-method signature="createOrgWithPhoneNum()[pri:0, instance:ProjectImplementationInBaseClass.RealPrjctCreateOrgTest@29d80d2b]" started-at="2025-03-04T07:01:55Z" name="createOrgWithPhoneNum" finished-at="2025-03-04T07:02:12Z" duration-ms="16993" status="PASS">
          <reporter-output>
          </reporter-output>
        </test-method> <!-- createOrgWithPhoneNum -->
        <test-method is-config="true" signature="createConfigAM()[pri:0, instance:ProjectImplementationInBaseClass.RealPrjctCreateOrgTest@29d80d2b]" started-at="2025-03-04T07:02:12Z" name="createConfigAM" finished-at="2025-03-04T07:02:14Z" duration-ms="2136" status="PASS">
          <reporter-output>
          </reporter-output>
        </test-method> <!-- createConfigAM -->
        <test-method is-config="true" signature="createConfigBM()[pri:0, instance:ProjectImplementationInBaseClass.RealPrjctCreateOrgTest@29d80d2b]" started-at="2025-03-04T07:02:15Z" name="createConfigBM" finished-at="2025-03-04T07:02:19Z" duration-ms="4424" status="PASS">
          <reporter-output>
          </reporter-output>
        </test-method> <!-- createConfigBM -->
        <test-method signature="createOrganizationTest()[pri:0, instance:ProjectImplementationInBaseClass.RealPrjctCreateOrgTest@29d80d2b]" started-at="2025-03-04T07:02:19Z" name="createOrganizationTest" finished-at="2025-03-04T07:02:35Z" duration-ms="15816" status="PASS">
          <reporter-output>
          </reporter-output>
        </test-method> <!-- createOrganizationTest -->
        <test-method is-config="true" signature="createConfigAM()[pri:0, instance:ProjectImplementationInBaseClass.RealPrjctCreateOrgTest@29d80d2b]" started-at="2025-03-04T07:02:35Z" name="createConfigAM" finished-at="2025-03-04T07:02:37Z" duration-ms="2297" status="PASS">
          <reporter-output>
          </reporter-output>
        </test-method> <!-- createConfigAM -->
        <test-method is-config="true" signature="createConfigAC()[pri:0, instance:ProjectImplementationInBaseClass.RealPrjctCreateOrgTest@29d80d2b]" started-at="2025-03-04T07:02:37Z" name="createConfigAC" finished-at="2025-03-04T07:02:37Z" duration-ms="364" status="PASS">
          <reporter-output>
          </reporter-output>
        </test-method> <!-- createConfigAC -->
        <test-method is-config="true" signature="createConfigAS()[pri:0, instance:ProjectImplementationInBaseClass.RealPrjctCreateOrgTest@29d80d2b]" started-at="2025-03-04T07:03:33Z" name="createConfigAS" finished-at="2025-03-04T07:03:33Z" duration-ms="9" status="PASS">
          <reporter-output>
          </reporter-output>
        </test-method> <!-- createConfigAS -->
      </class> <!-- ProjectImplementationInBaseClass.RealPrjctCreateOrgTest -->
      <class name="ProjectImplementationInBaseClass.RealPrjctCreateContactTest">
        <test-method is-config="true" signature="createConfigBC(java.lang.String)[pri:0, instance:ProjectImplementationInBaseClass.RealPrjctCreateContactTest@58e1d9d]" started-at="2025-03-04T07:02:37Z" name="createConfigBC" finished-at="2025-03-04T07:02:39Z" duration-ms="1872" status="PASS">
          <params>
            <param index="0">
              <value>
                <![CDATA[chrome]]>
              </value>
            </param>
          </params>
          <reporter-output>
          </reporter-output>
        </test-method> <!-- createConfigBC -->
        <test-method is-config="true" signature="createConfigBM()[pri:0, instance:ProjectImplementationInBaseClass.RealPrjctCreateContactTest@58e1d9d]" started-at="2025-03-04T07:02:39Z" name="createConfigBM" finished-at="2025-03-04T07:02:46Z" duration-ms="6843" status="PASS">
          <reporter-output>
          </reporter-output>
        </test-method> <!-- createConfigBM -->
        <test-method signature="createContact()[pri:0, instance:ProjectImplementationInBaseClass.RealPrjctCreateContactTest@58e1d9d]" started-at="2025-03-04T07:02:46Z" name="createContact" finished-at="2025-03-04T07:03:05Z" duration-ms="18824" status="PASS">
          <reporter-output>
          </reporter-output>
        </test-method> <!-- createContact -->
        <test-method is-config="true" signature="createConfigAM()[pri:0, instance:ProjectImplementationInBaseClass.RealPrjctCreateContactTest@58e1d9d]" started-at="2025-03-04T07:03:05Z" name="createConfigAM" finished-at="2025-03-04T07:03:08Z" duration-ms="2601" status="PASS">
          <reporter-output>
          </reporter-output>
        </test-method> <!-- createConfigAM -->
        <test-method is-config="true" signature="createConfigBM()[pri:0, instance:ProjectImplementationInBaseClass.RealPrjctCreateContactTest@58e1d9d]" started-at="2025-03-04T07:03:08Z" name="createConfigBM" finished-at="2025-03-04T07:03:13Z" duration-ms="5029" status="PASS">
          <reporter-output>
          </reporter-output>
        </test-method> <!-- createConfigBM -->
        <test-method signature="createContactSupportDate()[pri:0, instance:ProjectImplementationInBaseClass.RealPrjctCreateContactTest@58e1d9d]" started-at="2025-03-04T07:03:13Z" name="createContactSupportDate" finished-at="2025-03-04T07:03:28Z" duration-ms="15646" status="PASS">
          <reporter-output>
          </reporter-output>
        </test-method> <!-- createContactSupportDate -->
        <test-method is-config="true" signature="createConfigAM()[pri:0, instance:ProjectImplementationInBaseClass.RealPrjctCreateContactTest@58e1d9d]" started-at="2025-03-04T07:03:28Z" name="createConfigAM" finished-at="2025-03-04T07:03:30Z" duration-ms="1948" status="PASS">
          <reporter-output>
          </reporter-output>
        </test-method> <!-- createConfigAM -->
        <test-method is-config="true" signature="createConfigAC()[pri:0, instance:ProjectImplementationInBaseClass.RealPrjctCreateContactTest@58e1d9d]" started-at="2025-03-04T07:03:30Z" name="createConfigAC" finished-at="2025-03-04T07:03:30Z" duration-ms="285" status="PASS">
          <reporter-output>
          </reporter-output>
        </test-method> <!-- createConfigAC -->
      </class> <!-- ProjectImplementationInBaseClass.RealPrjctCreateContactTest -->
    </test> <!-- TestRunner-Chrome -->
    <test started-at="2025-03-04T07:01:16Z" name="TestRunner-Edge" finished-at="2025-03-04T07:03:33Z" duration-ms="136542">
      <class name="ProjectImplementationInBaseClass.RealPrjctCreateOrgTest">
        <test-method is-config="true" signature="createConfigBC(java.lang.String)[pri:0, instance:ProjectImplementationInBaseClass.RealPrjctCreateOrgTest@4b8d604b]" started-at="2025-03-04T07:01:16Z" name="createConfigBC" finished-at="2025-03-04T07:01:21Z" duration-ms="4062" status="PASS">
          <params>
            <param index="0">
              <value>
                <![CDATA[edge]]>
              </value>
            </param>
          </params>
          <reporter-output>
          </reporter-output>
        </test-method> <!-- createConfigBC -->
        <test-method is-config="true" signature="createConfigBM()[pri:0, instance:ProjectImplementationInBaseClass.RealPrjctCreateOrgTest@4b8d604b]" started-at="2025-03-04T07:01:21Z" name="createConfigBM" finished-at="2025-03-04T07:01:28Z" duration-ms="7044" status="PASS">
          <reporter-output>
          </reporter-output>
        </test-method> <!-- createConfigBM -->
        <test-method signature="createOrgWithIndustries()[pri:0, instance:ProjectImplementationInBaseClass.RealPrjctCreateOrgTest@4b8d604b]" started-at="2025-03-04T07:01:28Z" name="createOrgWithIndustries" finished-at="2025-03-04T07:01:49Z" duration-ms="21392" status="PASS">
          <reporter-output>
          </reporter-output>
        </test-method> <!-- createOrgWithIndustries -->
        <test-method is-config="true" signature="createConfigAM()[pri:0, instance:ProjectImplementationInBaseClass.RealPrjctCreateOrgTest@4b8d604b]" started-at="2025-03-04T07:01:49Z" name="createConfigAM" finished-at="2025-03-04T07:01:52Z" duration-ms="2534" status="PASS">
          <reporter-output>
          </reporter-output>
        </test-method> <!-- createConfigAM -->
        <test-method is-config="true" signature="createConfigBM()[pri:0, instance:ProjectImplementationInBaseClass.RealPrjctCreateOrgTest@4b8d604b]" started-at="2025-03-04T07:01:52Z" name="createConfigBM" finished-at="2025-03-04T07:01:57Z" duration-ms="5662" status="PASS">
          <reporter-output>
          </reporter-output>
        </test-method> <!-- createConfigBM -->
        <test-method signature="createOrgWithPhoneNum()[pri:0, instance:ProjectImplementationInBaseClass.RealPrjctCreateOrgTest@4b8d604b]" started-at="2025-03-04T07:01:57Z" name="createOrgWithPhoneNum" finished-at="2025-03-04T07:02:13Z" duration-ms="16165" status="PASS">
          <reporter-output>
          </reporter-output>
        </test-method> <!-- createOrgWithPhoneNum -->
        <test-method is-config="true" signature="createConfigAM()[pri:0, instance:ProjectImplementationInBaseClass.RealPrjctCreateOrgTest@4b8d604b]" started-at="2025-03-04T07:02:13Z" name="createConfigAM" finished-at="2025-03-04T07:02:16Z" duration-ms="2250" status="PASS">
          <reporter-output>
          </reporter-output>
        </test-method> <!-- createConfigAM -->
        <test-method is-config="true" signature="createConfigBM()[pri:0, instance:ProjectImplementationInBaseClass.RealPrjctCreateOrgTest@4b8d604b]" started-at="2025-03-04T07:02:16Z" name="createConfigBM" finished-at="2025-03-04T07:02:21Z" duration-ms="5341" status="PASS">
          <reporter-output>
          </reporter-output>
        </test-method> <!-- createConfigBM -->
        <test-method signature="createOrganizationTest()[pri:0, instance:ProjectImplementationInBaseClass.RealPrjctCreateOrgTest@4b8d604b]" started-at="2025-03-04T07:02:21Z" name="createOrganizationTest" finished-at="2025-03-04T07:02:36Z" duration-ms="15168" status="PASS">
          <reporter-output>
          </reporter-output>
        </test-method> <!-- createOrganizationTest -->
        <test-method is-config="true" signature="createConfigAM()[pri:0, instance:ProjectImplementationInBaseClass.RealPrjctCreateOrgTest@4b8d604b]" started-at="2025-03-04T07:02:36Z" name="createConfigAM" finished-at="2025-03-04T07:02:38Z" duration-ms="2287" status="PASS">
          <reporter-output>
          </reporter-output>
        </test-method> <!-- createConfigAM -->
        <test-method is-config="true" signature="createConfigAC()[pri:0, instance:ProjectImplementationInBaseClass.RealPrjctCreateOrgTest@4b8d604b]" started-at="2025-03-04T07:02:38Z" name="createConfigAC" finished-at="2025-03-04T07:02:40Z" duration-ms="1170" status="PASS">
          <reporter-output>
          </reporter-output>
        </test-method> <!-- createConfigAC -->
      </class> <!-- ProjectImplementationInBaseClass.RealPrjctCreateOrgTest -->
      <class name="ProjectImplementationInBaseClass.RealPrjctCreateContactTest">
        <test-method is-config="true" signature="createConfigBC(java.lang.String)[pri:0, instance:ProjectImplementationInBaseClass.RealPrjctCreateContactTest@5e7cd6cc]" started-at="2025-03-04T07:02:40Z" name="createConfigBC" finished-at="2025-03-04T07:02:42Z" duration-ms="2071" status="PASS">
          <params>
            <param index="0">
              <value>
                <![CDATA[edge]]>
              </value>
            </param>
          </params>
          <reporter-output>
          </reporter-output>
        </test-method> <!-- createConfigBC -->
        <test-method is-config="true" signature="createConfigBM()[pri:0, instance:ProjectImplementationInBaseClass.RealPrjctCreateContactTest@5e7cd6cc]" started-at="2025-03-04T07:02:42Z" name="createConfigBM" finished-at="2025-03-04T07:02:48Z" duration-ms="6468" status="PASS">
          <reporter-output>
          </reporter-output>
        </test-method> <!-- createConfigBM -->
        <test-method signature="createContact()[pri:0, instance:ProjectImplementationInBaseClass.RealPrjctCreateContactTest@5e7cd6cc]" started-at="2025-03-04T07:02:48Z" name="createContact" finished-at="2025-03-04T07:03:07Z" duration-ms="18597" status="PASS">
          <reporter-output>
          </reporter-output>
        </test-method> <!-- createContact -->
        <test-method is-config="true" signature="createConfigAM()[pri:0, instance:ProjectImplementationInBaseClass.RealPrjctCreateContactTest@5e7cd6cc]" started-at="2025-03-04T07:03:07Z" name="createConfigAM" finished-at="2025-03-04T07:03:09Z" duration-ms="2349" status="PASS">
          <reporter-output>
          </reporter-output>
        </test-method> <!-- createConfigAM -->
        <test-method is-config="true" signature="createConfigBM()[pri:0, instance:ProjectImplementationInBaseClass.RealPrjctCreateContactTest@5e7cd6cc]" started-at="2025-03-04T07:03:09Z" name="createConfigBM" finished-at="2025-03-04T07:03:15Z" duration-ms="5810" status="PASS">
          <reporter-output>
          </reporter-output>
        </test-method> <!-- createConfigBM -->
        <test-method signature="createContactSupportDate()[pri:0, instance:ProjectImplementationInBaseClass.RealPrjctCreateContactTest@5e7cd6cc]" started-at="2025-03-04T07:03:15Z" name="createContactSupportDate" finished-at="2025-03-04T07:03:31Z" duration-ms="15879" status="PASS">
          <reporter-output>
          </reporter-output>
        </test-method> <!-- createContactSupportDate -->
        <test-method is-config="true" signature="createConfigAM()[pri:0, instance:ProjectImplementationInBaseClass.RealPrjctCreateContactTest@5e7cd6cc]" started-at="2025-03-04T07:03:31Z" name="createConfigAM" finished-at="2025-03-04T07:03:33Z" duration-ms="1966" status="PASS">
          <reporter-output>
          </reporter-output>
        </test-method> <!-- createConfigAM -->
        <test-method is-config="true" signature="createConfigAC()[pri:0, instance:ProjectImplementationInBaseClass.RealPrjctCreateContactTest@5e7cd6cc]" started-at="2025-03-04T07:03:33Z" name="createConfigAC" finished-at="2025-03-04T07:03:33Z" duration-ms="279" status="PASS">
          <reporter-output>
          </reporter-output>
        </test-method> <!-- createConfigAC -->
      </class> <!-- ProjectImplementationInBaseClass.RealPrjctCreateContactTest -->
    </test> <!-- TestRunner-Edge -->
  </suite> <!-- Suite -->
</testng-results>
